=== LOG START Wed Nov 19 22:57:01 2025
[Wed Nov 19 22:57:07 2025] Sozdana truba ID: 1 - 123
[Wed Nov 19 22:57:17 2025] Prosmotr vseh objectov - trub: 1, KS: 0
=== LOG END Wed Nov 19 22:57:20 2025

=== LOG START Wed Nov 19 23:06:21 2025
[Wed Nov 19 23:06:29 2025] Sozdana truba ID: 1 - 123
[Wed Nov 19 23:06:34 2025] Sohranenie dannyh - uspeshno sohraneno 1 trub i 0 KS
[Wed Nov 19 23:06:45 2025] Zagruzka dannyh - uspeshno zagruzheno 1 trub i 0 KS
=== LOG START Wed Nov 19 23:07:10 2025
[Wed Nov 19 23:07:17 2025] Sozdana truba ID: 1 - 123
[Wed Nov 19 23:07:23 2025] Sozdan KS ID: 2 - 321
[Wed Nov 19 23:07:50 2025] Sohranenie dannyh v file: file.txt - uspeshno sohraneno 1 trub i 1 KS
=== LOG END Wed Nov 19 23:07:54 2025

=== LOG START Wed Nov 19 23:07:57 2025
[Wed Nov 19 23:08:13 2025] Zagruzka dannyh iz file: data.txt - uspeshno zagruzheno 1 trub i 0 KS
[Wed Nov 19 23:08:15 2025] Prosmotr vseh objectov - trub: 1, KS: 0
[Wed Nov 19 23:08:32 2025] Zagruzka dannyh iz file: file.txt - uspeshno zagruzheno 1 trub i 1 KS
[Wed Nov 19 23:08:36 2025] Prosmotr vseh objectov - trub: 1, KS: 1
=== LOG END Wed Nov 19 23:08:45 2025

=== LOG START Thu Nov 20 08:52:30 2025
[Thu Nov 20 08:52:46 2025] Sozdana truba ID: 1 - 123
[Thu Nov 20 08:53:14 2025] Sohranenie dannyh v file: data.txt - uspeshno sohraneno 1 trub i 0 KS
=== LOG END Thu Nov 20 08:53:16 2025

=== LOG START Thu Nov 20 12:24:55 2025
=== LOG START Thu Nov 20 12:26:52 2025
=== LOG START Thu Nov 20 12:51:51 2025
[Thu Nov 20 12:52:10 2025] Sozdana truba ID: 1 - 120
[Thu Nov 20 12:52:21 2025] Sohranenie dannyh v file: data.txt - uspeshno sohraneno 1 trub i 0 KS
=== LOG END Thu Nov 20 12:52:24 2025

